<?xml version="1.0" encoding="UTF-8" ?>
<testsuite tests="8" failures="0" name="com.xxx.oaSystem.service.LeaveFormServiceTest" time="0.195" errors="4" skipped="0">
  <properties>
[...]
</properties>
  <testcase classname="com.xxx.oaSystem.service.LeaveFormServiceTest" name="audit1" time="0.01">
    <error message="未找到待处理任务" type="com.xxx.oaSystem.service.exception.BusinessException">com.xxx.oaSystem.service.exception.BusinessException: 未找到待处理任务
	at com.xxx.oaSystem.service.LeaveFormService.lambda$audit$4(LeaveFormService.java:141)
	at com.xxx.oaSystem.utils.MybatisUtils.executeUpdate(MybatisUtils.java:51)
	at com.xxx.oaSystem.service.LeaveFormService.audit(LeaveFormService.java:128)
	at com.xxx.oaSystem.service.LeaveFormServiceTest.audit1(LeaveFormServiceTest.java:92)
	at sun.reflect.NativeMethodAccessorImpl.invoke0(Native Method)
	at sun.reflect.NativeMethodAccessorImpl.invoke(NativeMethodAccessorImpl.java:62)
	at sun.reflect.DelegatingMethodAccessorImpl.invoke(DelegatingMethodAccessorImpl.java:43)
	at java.lang.reflect.Method.invoke(Method.java:498)
	at org.junit.runners.model.FrameworkMethod$1.runReflectiveCall(FrameworkMethod.java:50)
	at org.junit.internal.runners.model.ReflectiveCallable.run(ReflectiveCallable.java:12)
	at org.junit.runners.model.FrameworkMethod.invokeExplosively(FrameworkMethod.java:47)
	at org.junit.internal.runners.statements.InvokeMethod.evaluate(InvokeMethod.java:17)
	at org.junit.runners.ParentRunner.runLeaf(ParentRunner.java:325)
	at org.junit.runners.BlockJUnit4ClassRunner.runChild(BlockJUnit4ClassRunner.java:78)
	at org.junit.runners.BlockJUnit4ClassRunner.runChild(BlockJUnit4ClassRunner.java:57)
	at org.junit.runners.ParentRunner$3.run(ParentRunner.java:290)
	at org.junit.runners.ParentRunner$1.schedule(ParentRunner.java:71)
	at org.junit.runners.ParentRunner.runChildren(ParentRunner.java:288)
	at org.junit.runners.ParentRunner.access$000(ParentRunner.java:58)
	at org.junit.runners.ParentRunner$2.evaluate(ParentRunner.java:268)
	at org.junit.runners.ParentRunner.run(ParentRunner.java:363)
	at org.apache.maven.surefire.junit4.JUnit4Provider.execute(JUnit4Provider.java:252)
	at org.apache.maven.surefire.junit4.JUnit4Provider.executeTestSet(JUnit4Provider.java:141)
	at org.apache.maven.surefire.junit4.JUnit4Provider.invoke(JUnit4Provider.java:112)
	at sun.reflect.NativeMethodAccessorImpl.invoke0(Native Method)
	at sun.reflect.NativeMethodAccessorImpl.invoke(NativeMethodAccessorImpl.java:62)
	at sun.reflect.DelegatingMethodAccessorImpl.invoke(DelegatingMethodAccessorImpl.java:43)
	at java.lang.reflect.Method.invoke(Method.java:498)
	at org.apache.maven.surefire.util.ReflectionUtils.invokeMethodWithArray(ReflectionUtils.java:189)
	at org.apache.maven.surefire.booter.ProviderFactory$ProviderProxy.invoke(ProviderFactory.java:165)
	at org.apache.maven.surefire.booter.ProviderFactory.invokeProvider(ProviderFactory.java:85)
	at org.apache.maven.surefire.booter.ForkedBooter.runSuitesInProcess(ForkedBooter.java:115)
	at org.apache.maven.surefire.booter.ForkedBooter.main(ForkedBooter.java:75)
</error>
    <system-out>3:6:approved:祝早日康复
[main] 11:14:39.034 DEBUG o.a.i.t.jdbc.JdbcTransaction - Opening JDBC Connection
[main] 11:14:39.034 DEBUG o.a.i.t.jdbc.JdbcTransaction - Setting autocommit to false on JDBC Connection [com.mysql.cj.jdbc.ConnectionImpl@64b0598]
[main] 11:14:39.034 DEBUG c.x.o.d.P.selectByFormId - ==&gt;  Preparing: select * from adm_process_flow where form_id = ? order by order_no;
[main] 11:14:39.035 DEBUG c.x.o.d.P.selectByFormId - ==&gt; Parameters: 3(Long)
[main] 11:14:39.041 DEBUG c.x.o.d.P.selectByFormId - &lt;==      Total: 3
flowList:[com.xxx.oaSystem.entity.ProcessFlow@463fd068, com.xxx.oaSystem.entity.ProcessFlow@895e367, com.xxx.oaSystem.entity.ProcessFlow@1b266842]
processList:[]
[main] 11:14:39.042 DEBUG o.a.i.t.jdbc.JdbcTransaction - Resetting autocommit to true on JDBC Connection [com.mysql.cj.jdbc.ConnectionImpl@64b0598]
[main] 11:14:39.043 DEBUG o.a.i.t.jdbc.JdbcTransaction - Closing JDBC Connection [com.mysql.cj.jdbc.ConnectionImpl@64b0598]
</system-out>
  </testcase>
  <testcase classname="com.xxx.oaSystem.service.LeaveFormServiceTest" name="audit2" time="0.006">
    <error message="未找到待处理任务" type="com.xxx.oaSystem.service.exception.BusinessException">com.xxx.oaSystem.service.exception.BusinessException: 未找到待处理任务
	at com.xxx.oaSystem.service.LeaveFormService.lambda$audit$4(LeaveFormService.java:141)
	at com.xxx.oaSystem.utils.MybatisUtils.executeUpdate(MybatisUtils.java:51)
	at com.xxx.oaSystem.service.LeaveFormService.audit(LeaveFormService.java:128)
	at com.xxx.oaSystem.service.LeaveFormServiceTest.audit2(LeaveFormServiceTest.java:108)
	at sun.reflect.NativeMethodAccessorImpl.invoke0(Native Method)
	at sun.reflect.NativeMethodAccessorImpl.invoke(NativeMethodAccessorImpl.java:62)
	at sun.reflect.DelegatingMethodAccessorImpl.invoke(DelegatingMethodAccessorImpl.java:43)
	at java.lang.reflect.Method.invoke(Method.java:498)
	at org.junit.runners.model.FrameworkMethod$1.runReflectiveCall(FrameworkMethod.java:50)
	at org.junit.internal.runners.model.ReflectiveCallable.run(ReflectiveCallable.java:12)
	at org.junit.runners.model.FrameworkMethod.invokeExplosively(FrameworkMethod.java:47)
	at org.junit.internal.runners.statements.InvokeMethod.evaluate(InvokeMethod.java:17)
	at org.junit.runners.ParentRunner.runLeaf(ParentRunner.java:325)
	at org.junit.runners.BlockJUnit4ClassRunner.runChild(BlockJUnit4ClassRunner.java:78)
	at org.junit.runners.BlockJUnit4ClassRunner.runChild(BlockJUnit4ClassRunner.java:57)
	at org.junit.runners.ParentRunner$3.run(ParentRunner.java:290)
	at org.junit.runners.ParentRunner$1.schedule(ParentRunner.java:71)
	at org.junit.runners.ParentRunner.runChildren(ParentRunner.java:288)
	at org.junit.runners.ParentRunner.access$000(ParentRunner.java:58)
	at org.junit.runners.ParentRunner$2.evaluate(ParentRunner.java:268)
	at org.junit.runners.ParentRunner.run(ParentRunner.java:363)
	at org.apache.maven.surefire.junit4.JUnit4Provider.execute(JUnit4Provider.java:252)
	at org.apache.maven.surefire.junit4.JUnit4Provider.executeTestSet(JUnit4Provider.java:141)
	at org.apache.maven.surefire.junit4.JUnit4Provider.invoke(JUnit4Provider.java:112)
	at sun.reflect.NativeMethodAccessorImpl.invoke0(Native Method)
	at sun.reflect.NativeMethodAccessorImpl.invoke(NativeMethodAccessorImpl.java:62)
	at sun.reflect.DelegatingMethodAccessorImpl.invoke(DelegatingMethodAccessorImpl.java:43)
	at java.lang.reflect.Method.invoke(Method.java:498)
	at org.apache.maven.surefire.util.ReflectionUtils.invokeMethodWithArray(ReflectionUtils.java:189)
	at org.apache.maven.surefire.booter.ProviderFactory$ProviderProxy.invoke(ProviderFactory.java:165)
	at org.apache.maven.surefire.booter.ProviderFactory.invokeProvider(ProviderFactory.java:85)
	at org.apache.maven.surefire.booter.ForkedBooter.runSuitesInProcess(ForkedBooter.java:115)
	at org.apache.maven.surefire.booter.ForkedBooter.main(ForkedBooter.java:75)
</error>
    <system-out>9:6:refused:工期紧张,请勿拖延
[main] 11:14:39.044 DEBUG o.a.i.t.jdbc.JdbcTransaction - Opening JDBC Connection
[main] 11:14:39.044 DEBUG o.a.i.t.jdbc.JdbcTransaction - Setting autocommit to false on JDBC Connection [com.mysql.cj.jdbc.ConnectionImpl@64b0598]
[main] 11:14:39.045 DEBUG c.x.o.d.P.selectByFormId - ==&gt;  Preparing: select * from adm_process_flow where form_id = ? order by order_no;
[main] 11:14:39.045 DEBUG c.x.o.d.P.selectByFormId - ==&gt; Parameters: 9(Long)
[main] 11:14:39.049 DEBUG c.x.o.d.P.selectByFormId - &lt;==      Total: 3
flowList:[com.xxx.oaSystem.entity.ProcessFlow@5456afaa, com.xxx.oaSystem.entity.ProcessFlow@6692b6c6, com.xxx.oaSystem.entity.ProcessFlow@1cd629b3]
processList:[]
[main] 11:14:39.049 DEBUG o.a.i.t.jdbc.JdbcTransaction - Resetting autocommit to true on JDBC Connection [com.mysql.cj.jdbc.ConnectionImpl@64b0598]
[main] 11:14:39.050 DEBUG o.a.i.t.jdbc.JdbcTransaction - Closing JDBC Connection [com.mysql.cj.jdbc.ConnectionImpl@64b0598]
</system-out>
  </testcase>
  <testcase classname="com.xxx.oaSystem.service.LeaveFormServiceTest" name="audit3" time="0.008">
    <error message="未找到待处理任务" type="com.xxx.oaSystem.service.exception.BusinessException">com.xxx.oaSystem.service.exception.BusinessException: 未找到待处理任务
	at com.xxx.oaSystem.service.LeaveFormService.lambda$audit$4(LeaveFormService.java:141)
	at com.xxx.oaSystem.utils.MybatisUtils.executeUpdate(MybatisUtils.java:51)
	at com.xxx.oaSystem.service.LeaveFormService.audit(LeaveFormService.java:128)
	at com.xxx.oaSystem.service.LeaveFormServiceTest.audit3(LeaveFormServiceTest.java:116)
	at sun.reflect.NativeMethodAccessorImpl.invoke0(Native Method)
	at sun.reflect.NativeMethodAccessorImpl.invoke(NativeMethodAccessorImpl.java:62)
	at sun.reflect.DelegatingMethodAccessorImpl.invoke(DelegatingMethodAccessorImpl.java:43)
	at java.lang.reflect.Method.invoke(Method.java:498)
	at org.junit.runners.model.FrameworkMethod$1.runReflectiveCall(FrameworkMethod.java:50)
	at org.junit.internal.runners.model.ReflectiveCallable.run(ReflectiveCallable.java:12)
	at org.junit.runners.model.FrameworkMethod.invokeExplosively(FrameworkMethod.java:47)
	at org.junit.internal.runners.statements.InvokeMethod.evaluate(InvokeMethod.java:17)
	at org.junit.runners.ParentRunner.runLeaf(ParentRunner.java:325)
	at org.junit.runners.BlockJUnit4ClassRunner.runChild(BlockJUnit4ClassRunner.java:78)
	at org.junit.runners.BlockJUnit4ClassRunner.runChild(BlockJUnit4ClassRunner.java:57)
	at org.junit.runners.ParentRunner$3.run(ParentRunner.java:290)
	at org.junit.runners.ParentRunner$1.schedule(ParentRunner.java:71)
	at org.junit.runners.ParentRunner.runChildren(ParentRunner.java:288)
	at org.junit.runners.ParentRunner.access$000(ParentRunner.java:58)
	at org.junit.runners.ParentRunner$2.evaluate(ParentRunner.java:268)
	at org.junit.runners.ParentRunner.run(ParentRunner.java:363)
	at org.apache.maven.surefire.junit4.JUnit4Provider.execute(JUnit4Provider.java:252)
	at org.apache.maven.surefire.junit4.JUnit4Provider.executeTestSet(JUnit4Provider.java:141)
	at org.apache.maven.surefire.junit4.JUnit4Provider.invoke(JUnit4Provider.java:112)
	at sun.reflect.NativeMethodAccessorImpl.invoke0(Native Method)
	at sun.reflect.NativeMethodAccessorImpl.invoke(NativeMethodAccessorImpl.java:62)
	at sun.reflect.DelegatingMethodAccessorImpl.invoke(DelegatingMethodAccessorImpl.java:43)
	at java.lang.reflect.Method.invoke(Method.java:498)
	at org.apache.maven.surefire.util.ReflectionUtils.invokeMethodWithArray(ReflectionUtils.java:189)
	at org.apache.maven.surefire.booter.ProviderFactory$ProviderProxy.invoke(ProviderFactory.java:165)
	at org.apache.maven.surefire.booter.ProviderFactory.invokeProvider(ProviderFactory.java:85)
	at org.apache.maven.surefire.booter.ForkedBooter.runSuitesInProcess(ForkedBooter.java:115)
	at org.apache.maven.surefire.booter.ForkedBooter.main(ForkedBooter.java:75)
</error>
    <system-out>6:1:approved:同意
[main] 11:14:39.051 DEBUG o.a.i.t.jdbc.JdbcTransaction - Opening JDBC Connection
[main] 11:14:39.051 DEBUG o.a.i.t.jdbc.JdbcTransaction - Setting autocommit to false on JDBC Connection [com.mysql.cj.jdbc.ConnectionImpl@64b0598]
[main] 11:14:39.051 DEBUG c.x.o.d.P.selectByFormId - ==&gt;  Preparing: select * from adm_process_flow where form_id = ? order by order_no;
[main] 11:14:39.051 DEBUG c.x.o.d.P.selectByFormId - ==&gt; Parameters: 6(Long)
[main] 11:14:39.057 DEBUG c.x.o.d.P.selectByFormId - &lt;==      Total: 2
flowList:[com.xxx.oaSystem.entity.ProcessFlow@52815fa3, com.xxx.oaSystem.entity.ProcessFlow@50313382]
processList:[]
[main] 11:14:39.057 DEBUG o.a.i.t.jdbc.JdbcTransaction - Resetting autocommit to true on JDBC Connection [com.mysql.cj.jdbc.ConnectionImpl@64b0598]
[main] 11:14:39.057 DEBUG o.a.i.t.jdbc.JdbcTransaction - Closing JDBC Connection [com.mysql.cj.jdbc.ConnectionImpl@64b0598]
</system-out>
  </testcase>
  <testcase classname="com.xxx.oaSystem.service.LeaveFormServiceTest" name="audit4" time="0.005">
    <error message="未找到待处理任务" type="com.xxx.oaSystem.service.exception.BusinessException">com.xxx.oaSystem.service.exception.BusinessException: 未找到待处理任务
	at com.xxx.oaSystem.service.LeaveFormService.lambda$audit$4(LeaveFormService.java:141)
	at com.xxx.oaSystem.utils.MybatisUtils.executeUpdate(MybatisUtils.java:51)
	at com.xxx.oaSystem.service.LeaveFormService.audit(LeaveFormService.java:128)
	at com.xxx.oaSystem.service.LeaveFormServiceTest.audit4(LeaveFormServiceTest.java:100)
	at sun.reflect.NativeMethodAccessorImpl.invoke0(Native Method)
	at sun.reflect.NativeMethodAccessorImpl.invoke(NativeMethodAccessorImpl.java:62)
	at sun.reflect.DelegatingMethodAccessorImpl.invoke(DelegatingMethodAccessorImpl.java:43)
	at java.lang.reflect.Method.invoke(Method.java:498)
	at org.junit.runners.model.FrameworkMethod$1.runReflectiveCall(FrameworkMethod.java:50)
	at org.junit.internal.runners.model.ReflectiveCallable.run(ReflectiveCallable.java:12)
	at org.junit.runners.model.FrameworkMethod.invokeExplosively(FrameworkMethod.java:47)
	at org.junit.internal.runners.statements.InvokeMethod.evaluate(InvokeMethod.java:17)
	at org.junit.runners.ParentRunner.runLeaf(ParentRunner.java:325)
	at org.junit.runners.BlockJUnit4ClassRunner.runChild(BlockJUnit4ClassRunner.java:78)
	at org.junit.runners.BlockJUnit4ClassRunner.runChild(BlockJUnit4ClassRunner.java:57)
	at org.junit.runners.ParentRunner$3.run(ParentRunner.java:290)
	at org.junit.runners.ParentRunner$1.schedule(ParentRunner.java:71)
	at org.junit.runners.ParentRunner.runChildren(ParentRunner.java:288)
	at org.junit.runners.ParentRunner.access$000(ParentRunner.java:58)
	at org.junit.runners.ParentRunner$2.evaluate(ParentRunner.java:268)
	at org.junit.runners.ParentRunner.run(ParentRunner.java:363)
	at org.apache.maven.surefire.junit4.JUnit4Provider.execute(JUnit4Provider.java:252)
	at org.apache.maven.surefire.junit4.JUnit4Provider.executeTestSet(JUnit4Provider.java:141)
	at org.apache.maven.surefire.junit4.JUnit4Provider.invoke(JUnit4Provider.java:112)
	at sun.reflect.NativeMethodAccessorImpl.invoke0(Native Method)
	at sun.reflect.NativeMethodAccessorImpl.invoke(NativeMethodAccessorImpl.java:62)
	at sun.reflect.DelegatingMethodAccessorImpl.invoke(DelegatingMethodAccessorImpl.java:43)
	at java.lang.reflect.Method.invoke(Method.java:498)
	at org.apache.maven.surefire.util.ReflectionUtils.invokeMethodWithArray(ReflectionUtils.java:189)
	at org.apache.maven.surefire.booter.ProviderFactory$ProviderProxy.invoke(ProviderFactory.java:165)
	at org.apache.maven.surefire.booter.ProviderFactory.invokeProvider(ProviderFactory.java:85)
	at org.apache.maven.surefire.booter.ForkedBooter.runSuitesInProcess(ForkedBooter.java:115)
	at org.apache.maven.surefire.booter.ForkedBooter.main(ForkedBooter.java:75)
</error>
    <system-out>3:1:approved:祝早日康复
[main] 11:14:39.058 DEBUG o.a.i.t.jdbc.JdbcTransaction - Opening JDBC Connection
[main] 11:14:39.058 DEBUG o.a.i.t.jdbc.JdbcTransaction - Setting autocommit to false on JDBC Connection [com.mysql.cj.jdbc.ConnectionImpl@64b0598]
[main] 11:14:39.059 DEBUG c.x.o.d.P.selectByFormId - ==&gt;  Preparing: select * from adm_process_flow where form_id = ? order by order_no;
[main] 11:14:39.059 DEBUG c.x.o.d.P.selectByFormId - ==&gt; Parameters: 3(Long)
[main] 11:14:39.062 DEBUG c.x.o.d.P.selectByFormId - &lt;==      Total: 3
flowList:[com.xxx.oaSystem.entity.ProcessFlow@4bd31064, com.xxx.oaSystem.entity.ProcessFlow@e3c0e40, com.xxx.oaSystem.entity.ProcessFlow@329dbdbf]
processList:[]
[main] 11:14:39.062 DEBUG o.a.i.t.jdbc.JdbcTransaction - Resetting autocommit to true on JDBC Connection [com.mysql.cj.jdbc.ConnectionImpl@64b0598]
[main] 11:14:39.062 DEBUG o.a.i.t.jdbc.JdbcTransaction - Closing JDBC Connection [com.mysql.cj.jdbc.ConnectionImpl@64b0598]
</system-out>
  </testcase>
  <testcase classname="com.xxx.oaSystem.service.LeaveFormServiceTest" name="createLeaveForm1" time="0.076"/>
  <testcase classname="com.xxx.oaSystem.service.LeaveFormServiceTest" name="createLeaveForm2" time="0.014"/>
  <testcase classname="com.xxx.oaSystem.service.LeaveFormServiceTest" name="createLeaveForm3" time="0.013"/>
  <testcase classname="com.xxx.oaSystem.service.LeaveFormServiceTest" name="createLeaveForm4" time="0.063"/>
</testsuite>